<?xml version="1.0" encoding="UTF-8"?>
<!-- Generated by org.testng.reporters.JUnitReportReporter -->
<testsuite skipped="0" hostname="DESKTOP-8CBT80G" name="com.mindtree.runner.BigsmallSiteRunner" tests="10" failures="0" timestamp="2021-11-19T15:57:18 IST" time="103.480" errors="0">
  <testcase name="addToWishlist" time="10.787" classname="com.mindtree.runner.BigsmallSiteRunner"/>
  <system-out/>
  <testcase name="addToCart" time="7.223" classname="com.mindtree.runner.BigsmallSiteRunner"/>
  <system-out/>
  <testcase name="checkPIN" time="11.034" classname="com.mindtree.runner.BigsmallSiteRunner"/>
  <system-out/>
  <testcase name="retrievePassword" time="9.816" classname="com.mindtree.runner.BigsmallSiteRunner"/>
  <system-out/>
  <testcase name="shopCheckout" time="9.669" classname="com.mindtree.runner.BigsmallSiteRunner"/>
  <system-out/>
  <testcase name="cartRemove" time="0.773" classname="com.mindtree.runner.BigsmallSiteRunner"/>
  <system-out/>
  <testcase name="wishListRemove" time="5.016" classname="com.mindtree.runner.BigsmallSiteRunner"/>
  <system-out/>
  <testcase name="ContactUs" time="4.544" classname="com.mindtree.runner.BigsmallSiteRunner"/>
  <system-out/>
  <testcase name="validLogin" time="2.706" classname="com.mindtree.runner.BigsmallSiteRunner"/>
  <system-out/>
  <testcase name="AboutUs" time="41.912" classname="com.mindtree.runner.BigsmallSiteRunner"/>
  <system-out/>
</testsuite> <!-- com.mindtree.runner.BigsmallSiteRunner -->
