<?xml version="1.0" encoding="UTF-8"?>
<!-- Generated by org.testng.reporters.JUnitReportReporter -->
<testsuite skipped="0" hostname="DESKTOP-8CBT80G" name="com.mindtree.runner.ELocalStoreApp" tests="10" failures="0" timestamp="2021-11-18T20:09:38 IST" time="78.687" errors="0">
  <testcase name="addToWishlist" time="10.998" classname="com.mindtree.runner.ELocalStoreApp"/>
  <system-out/>
  <testcase name="addToCart" time="7.888" classname="com.mindtree.runner.ELocalStoreApp"/>
  <system-out/>
  <testcase name="checkPIN" time="12.628" classname="com.mindtree.runner.ELocalStoreApp"/>
  <system-out/>
  <testcase name="retrievePassword" time="11.571" classname="com.mindtree.runner.ELocalStoreApp"/>
  <system-out/>
  <testcase name="shopCheckout" time="10.241" classname="com.mindtree.runner.ELocalStoreApp"/>
  <system-out/>
  <testcase name="cartRemove" time="1.027" classname="com.mindtree.runner.ELocalStoreApp"/>
  <system-out/>
  <testcase name="wishListRemove" time="4.915" classname="com.mindtree.runner.ELocalStoreApp"/>
  <system-out/>
  <testcase name="ContactUs" time="5.352" classname="com.mindtree.runner.ELocalStoreApp"/>
  <system-out/>
  <testcase name="validLogin" time="3.090" classname="com.mindtree.runner.ELocalStoreApp"/>
  <system-out/>
  <testcase name="AboutUs" time="10.977" classname="com.mindtree.runner.ELocalStoreApp"/>
  <system-out/>
</testsuite> <!-- com.mindtree.runner.ELocalStoreApp -->
